E:\C++\黑客技术与工具\CODELIB\CODELIB\DEBUG\MAIN.OBJ
E:\C++\黑客技术与工具\CODELIB\CODELIB\DEBUG\TCP.OBJ
E:\C++\黑客技术与工具\CODELIB\CODELIB\DEBUG\TOOL.OBJ
E:\C++\黑客技术与工具\CODELIB\CODELIB\DEBUG\UDP.OBJ
E:\C++\黑客技术与工具\CODELIB\CODELIB\DEBUG\VC110.PDB
E:\C++\黑客技术与工具\CODELIB\DEBUG\CODELIB.ILK
E:\C++\黑客技术与工具\CODELIB\DEBUG\CODELIB.EXE
E:\C++\黑客技术与工具\CODELIB\DEBUG\CODELIB.PDB
E:\C++\黑客技术与工具\CodeLib\CodeLib\Debug\main.obj
E:\C++\黑客技术与工具\CodeLib\CodeLib\Debug\Tcp.obj
E:\C++\黑客技术与工具\CodeLib\CodeLib\Debug\Tool.obj
E:\C++\黑客技术与工具\CodeLib\CodeLib\Debug\Udp.obj
E:\C++\黑客技术与工具\CodeLib\CodeLib\Debug\cl.command.1.tlog
E:\C++\黑客技术与工具\CodeLib\CodeLib\Debug\CL.read.1.tlog
E:\C++\黑客技术与工具\CodeLib\CodeLib\Debug\CL.write.1.tlog
E:\C++\黑客技术与工具\CodeLib\CodeLib\Debug\link-cvtres.read.1.tlog
E:\C++\黑客技术与工具\CodeLib\CodeLib\Debug\link-cvtres.write.1.tlog
E:\C++\黑客技术与工具\CodeLib\CodeLib\Debug\link-rc.read.1.tlog
E:\C++\黑客技术与工具\CodeLib\CodeLib\Debug\link-rc.write.1.tlog
E:\C++\黑客技术与工具\CodeLib\CodeLib\Debug\link.12008-cvtres.read.1.tlog
E:\C++\黑客技术与工具\CodeLib\CodeLib\Debug\link.12008-cvtres.write.1.tlog
E:\C++\黑客技术与工具\CodeLib\CodeLib\Debug\link.12008-rc.read.1.tlog
E:\C++\黑客技术与工具\CodeLib\CodeLib\Debug\link.12008-rc.write.1.tlog
E:\C++\黑客技术与工具\CodeLib\CodeLib\Debug\link.12008.read.1.tlog
E:\C++\黑客技术与工具\CodeLib\CodeLib\Debug\link.12008.write.1.tlog
E:\C++\黑客技术与工具\CodeLib\CodeLib\Debug\link.12972-cvtres.read.1.tlog
E:\C++\黑客技术与工具\CodeLib\CodeLib\Debug\link.12972-cvtres.write.1.tlog
E:\C++\黑客技术与工具\CodeLib\CodeLib\Debug\link.12972-rc.read.1.tlog
E:\C++\黑客技术与工具\CodeLib\CodeLib\Debug\link.12972-rc.write.1.tlog
E:\C++\黑客技术与工具\CodeLib\CodeLib\Debug\link.12972.read.1.tlog
E:\C++\黑客技术与工具\CodeLib\CodeLib\Debug\link.12972.write.1.tlog
E:\C++\黑客技术与工具\CodeLib\CodeLib\Debug\link.13588-cvtres.read.1.tlog
E:\C++\黑客技术与工具\CodeLib\CodeLib\Debug\link.13588-cvtres.write.1.tlog
E:\C++\黑客技术与工具\CodeLib\CodeLib\Debug\link.13588-rc.read.1.tlog
E:\C++\黑客技术与工具\CodeLib\CodeLib\Debug\link.13588-rc.write.1.tlog
E:\C++\黑客技术与工具\CodeLib\CodeLib\Debug\link.13588.read.1.tlog
E:\C++\黑客技术与工具\CodeLib\CodeLib\Debug\link.13588.write.1.tlog
E:\C++\黑客技术与工具\CodeLib\CodeLib\Debug\link.5112-cvtres.read.1.tlog
E:\C++\黑客技术与工具\CodeLib\CodeLib\Debug\link.5112-cvtres.write.1.tlog
E:\C++\黑客技术与工具\CodeLib\CodeLib\Debug\link.5112-rc.read.1.tlog
E:\C++\黑客技术与工具\CodeLib\CodeLib\Debug\link.5112-rc.write.1.tlog
E:\C++\黑客技术与工具\CodeLib\CodeLib\Debug\link.5112.read.1.tlog
E:\C++\黑客技术与工具\CodeLib\CodeLib\Debug\link.5112.write.1.tlog
E:\C++\黑客技术与工具\CodeLib\CodeLib\Debug\link.5560-cvtres.read.1.tlog
E:\C++\黑客技术与工具\CodeLib\CodeLib\Debug\link.5560-cvtres.write.1.tlog
E:\C++\黑客技术与工具\CodeLib\CodeLib\Debug\link.5560-rc.read.1.tlog
E:\C++\黑客技术与工具\CodeLib\CodeLib\Debug\link.5560-rc.write.1.tlog
E:\C++\黑客技术与工具\CodeLib\CodeLib\Debug\link.5560.read.1.tlog
E:\C++\黑客技术与工具\CodeLib\CodeLib\Debug\link.5560.write.1.tlog
E:\C++\黑客技术与工具\CodeLib\CodeLib\Debug\link.command.1.tlog
E:\C++\黑客技术与工具\CodeLib\CodeLib\Debug\link.read.1.tlog
E:\C++\黑客技术与工具\CodeLib\CodeLib\Debug\link.write.1.tlog
E:\C++\黑客技术与工具\CodeLib\CodeLib\Debug\vc110.idb
E:\C++\黑客技术与工具\CodeLib\CodeLib\Debug\vc110.pdb
E:\C++\黑客技术与工具\CodeLib\Debug\CodeLib.pdb
E:\C++\黑客技术与工具\CodeLib\Debug\CodeLib.exe
E:\C++\黑客技术与工具\CodeLib\Debug\CodeLib.ilk
